app/build/intermediates/manifest_merge_blame_file/debug/manifest-merger-blame-debug-report.txt
1<?xml version="1.0" encoding="utf-8"?>
2<manifest xmlns:android="http://schemas.android.com/apk/res/android"
3    package="com.android.doctorapp"
4    android:versionCode="1"
5    android:versionName="1.0" >
6
7    <uses-sdk
8        android:minSdkVersion="23"
9        android:targetSdkVersion="34" />
10
11    <uses-feature
11-->src\main\AndroidManifest.xml:5:5-7:36
12        android:name="android.hardware.camera"
12-->src\main\AndroidManifest.xml:6:9-47
13        android:required="false" />
13-->src\main\AndroidManifest.xml:7:9-33
14    <uses-feature
14-->src\main\AndroidManifest.xml:8:5-10:36
15        android:name="android.hardware.telephony"
15-->src\main\AndroidManifest.xml:9:9-50
16        android:required="false" />
16-->src\main\AndroidManifest.xml:10:9-33
17
18    <uses-permission android:name="android.permission.INTERNET" />
18-->src\main\AndroidManifest.xml:12:5-67
18-->src\main\AndroidManifest.xml:12:22-64
19    <uses-permission android:name="android.permission.CAMERA" />
19-->src\main\AndroidManifest.xml:13:5-65
19-->src\main\AndroidManifest.xml:13:22-62
20    <uses-permission android:name="android.permission.CALL_PHONE" />
20-->src\main\AndroidManifest.xml:14:5-69
20-->src\main\AndroidManifest.xml:14:22-66
21    <uses-permission android:name="android.permission.READ_EXTERNAL_STORAGE" />
21-->src\main\AndroidManifest.xml:15:5-80
21-->src\main\AndroidManifest.xml:15:22-77
22    <uses-permission android:name="android.permission.ACCESS_NETWORK_STATE" />
22-->[com.google.firebase:firebase-auth:23.0.0] AndroidManifest.xml:26:5-79
22-->[com.google.firebase:firebase-auth:23.0.0] AndroidManifest.xml:26:22-76
23    <uses-permission android:name="android.permission.WAKE_LOCK" />
23-->[com.google.android.gms:play-services-measurement-api:22.0.2] AndroidManifest.xml:24:5-68
23-->[com.google.android.gms:play-services-measurement-api:22.0.2] AndroidManifest.xml:24:22-65
24    <uses-permission android:name="com.google.android.gms.permission.AD_ID" />
24-->[com.google.android.gms:play-services-measurement-api:22.0.2] AndroidManifest.xml:25:5-79
24-->[com.google.android.gms:play-services-measurement-api:22.0.2] AndroidManifest.xml:25:22-76
25    <uses-permission android:name="android.permission.ACCESS_ADSERVICES_ATTRIBUTION" />
25-->[com.google.android.gms:play-services-measurement-api:22.0.2] AndroidManifest.xml:26:5-88
25-->[com.google.android.gms:play-services-measurement-api:22.0.2] AndroidManifest.xml:26:22-85
26    <uses-permission android:name="android.permission.ACCESS_ADSERVICES_AD_ID" />
26-->[com.google.android.gms:play-services-measurement-api:22.0.2] AndroidManifest.xml:27:5-82
26-->[com.google.android.gms:play-services-measurement-api:22.0.2] AndroidManifest.xml:27:22-79
27    <uses-permission android:name="com.google.android.finsky.permission.BIND_GET_INSTALL_REFERRER_SERVICE" />
27-->[com.google.android.gms:play-services-measurement:22.0.2] AndroidManifest.xml:26:5-110
27-->[com.google.android.gms:play-services-measurement:22.0.2] AndroidManifest.xml:26:22-107
28    <uses-permission android:name="com.google.android.providers.gsf.permission.READ_GSERVICES" />
28-->[com.google.android.recaptcha:recaptcha:18.4.0] AndroidManifest.xml:9:5-98
28-->[com.google.android.recaptcha:recaptcha:18.4.0] AndroidManifest.xml:9:22-95
29
30    <permission
30-->[androidx.core:core:1.9.0] AndroidManifest.xml:22:5-24:47
31        android:name="com.android.doctorapp.DYNAMIC_RECEIVER_NOT_EXPORTED_PERMISSION"
31-->[androidx.core:core:1.9.0] AndroidManifest.xml:23:9-81
32        android:protectionLevel="signature" />
32-->[androidx.core:core:1.9.0] AndroidManifest.xml:24:9-44
33
34    <uses-permission android:name="com.android.doctorapp.DYNAMIC_RECEIVER_NOT_EXPORTED_PERMISSION" />
34-->[androidx.core:core:1.9.0] AndroidManifest.xml:26:5-97
34-->[androidx.core:core:1.9.0] AndroidManifest.xml:26:22-94
35
36    <application
36-->src\main\AndroidManifest.xml:17:5-74:19
37        android:allowBackup="true"
37-->src\main\AndroidManifest.xml:18:9-35
38        android:appComponentFactory="androidx.core.app.CoreComponentFactory"
38-->[androidx.core:core:1.9.0] AndroidManifest.xml:28:18-86
39        android:dataExtractionRules="@xml/data_extraction_rules"
39-->src\main\AndroidManifest.xml:19:9-65
40        android:debuggable="true"
41        android:extractNativeLibs="false"
42        android:fullBackupContent="@xml/backup_rules"
42-->src\main\AndroidManifest.xml:20:9-54
43        android:icon="@mipmap/ic_launcher"
43-->src\main\AndroidManifest.xml:21:9-43
44        android:label="@string/app_name"
44-->src\main\AndroidManifest.xml:22:9-41
45        android:roundIcon="@mipmap/ic_launcher_round"
45-->src\main\AndroidManifest.xml:23:9-54
46        android:supportsRtl="true"
46-->src\main\AndroidManifest.xml:24:9-35
47        android:testOnly="true"
48        android:theme="@style/Theme.Chef.NoActionBar" >
48-->src\main\AndroidManifest.xml:25:9-54
49        <activity
49-->src\main\AndroidManifest.xml:27:9-29:40
50            android:name="com.app.chef.features.profile.presentation.screen.BookingsActivity"
50-->src\main\AndroidManifest.xml:28:13-94
51            android:exported="false" />
51-->src\main\AndroidManifest.xml:29:13-37
52        <activity
52-->src\main\AndroidManifest.xml:30:9-32:40
53            android:name="com.app.chef.features.dashboard.presentation.screens.ProviderDetailsActivity"
53-->src\main\AndroidManifest.xml:31:13-104
54            android:exported="false" />
54-->src\main\AndroidManifest.xml:32:13-37
55        <activity
55-->src\main\AndroidManifest.xml:33:9-35:40
56            android:name="com.app.chef.features.profile.presentation.screen.ModuleDetailsActivity"
56-->src\main\AndroidManifest.xml:34:13-99
57            android:exported="false" />
57-->src\main\AndroidManifest.xml:35:13-37
58        <activity
58-->src\main\AndroidManifest.xml:36:9-38:40
59            android:name="com.app.chef.features.profile.presentation.base.ProfileBaseActivity"
59-->src\main\AndroidManifest.xml:37:13-95
60            android:exported="false" />
60-->src\main\AndroidManifest.xml:38:13-37
61        <activity
61-->src\main\AndroidManifest.xml:39:9-41:40
62            android:name="com.app.chef.features.profile.presentation.screen.EditProfileActivity"
62-->src\main\AndroidManifest.xml:40:13-97
63            android:exported="false" />
63-->src\main\AndroidManifest.xml:41:13-37
64        <activity
64-->src\main\AndroidManifest.xml:42:9-44:40
65            android:name="com.app.chef.features.chat.presentation.ChatActivity"
65-->src\main\AndroidManifest.xml:43:13-80
66            android:exported="false" />
66-->src\main\AndroidManifest.xml:44:13-37
67        <activity
67-->src\main\AndroidManifest.xml:45:9-47:40
68            android:name="com.android.doctorapp.features.auth.presentation.base.AuthenticationsActivity"
68-->src\main\AndroidManifest.xml:46:13-84
69            android:exported="false" />
69-->src\main\AndroidManifest.xml:47:13-37
70        <activity
70-->src\main\AndroidManifest.xml:48:9-57:20
71            android:name="com.android.doctorapp.features.launcher.presentation.LauncherActivity"
71-->src\main\AndroidManifest.xml:49:13-76
72            android:exported="true"
72-->src\main\AndroidManifest.xml:50:13-36
73            android:theme="@style/Theme.Chef.Splash" >
73-->src\main\AndroidManifest.xml:51:13-53
74            <intent-filter>
74-->src\main\AndroidManifest.xml:52:13-56:29
75                <action android:name="android.intent.action.MAIN" />
75-->src\main\AndroidManifest.xml:53:17-69
75-->src\main\AndroidManifest.xml:53:25-66
76
77                <category android:name="android.intent.category.LAUNCHER" />
77-->src\main\AndroidManifest.xml:55:17-77
77-->src\main\AndroidManifest.xml:55:27-74
78            </intent-filter>
79        </activity>
80        <activity
80-->src\main\AndroidManifest.xml:58:9-60:40
81            android:name="com.android.doctorapp.features.dashboard.presentation.MainActivity"
81-->src\main\AndroidManifest.xml:59:13-73
82            android:exported="false" />
82-->src\main\AndroidManifest.xml:60:13-37
83
84        <provider
85            android:name="androidx.core.content.FileProvider"
85-->src\main\AndroidManifest.xml:63:13-62
86            android:authorities="com.android.doctorapp.provider"
86-->src\main\AndroidManifest.xml:64:13-60
87            android:exported="false"
87-->src\main\AndroidManifest.xml:65:13-37
88            android:grantUriPermissions="true" >
88-->src\main\AndroidManifest.xml:66:13-47
89            <meta-data
89-->src\main\AndroidManifest.xml:67:13-69:54
90                android:name="android.support.FILE_PROVIDER_PATHS"
90-->src\main\AndroidManifest.xml:68:17-67
91                android:resource="@xml/file_paths" />
91-->src\main\AndroidManifest.xml:69:17-51
92        </provider>
93
94        <meta-data
94-->src\main\AndroidManifest.xml:71:9-73:57
95            android:name="preloaded_fonts"
95-->src\main\AndroidManifest.xml:72:13-43
96            android:resource="@array/preloaded_fonts" />
96-->src\main\AndroidManifest.xml:73:13-54
97
98        <service
98-->[com.google.firebase:firebase-storage-ktx:21.0.0] AndroidManifest.xml:9:9-15:19
99            android:name="com.google.firebase.components.ComponentDiscoveryService"
99-->[com.google.firebase:firebase-storage-ktx:21.0.0] AndroidManifest.xml:10:13-84
100            android:directBootAware="true"
100-->[com.google.firebase:firebase-common:21.0.0] AndroidManifest.xml:32:13-43
101            android:exported="false" >
101-->[com.google.firebase:firebase-storage-ktx:21.0.0] AndroidManifest.xml:11:13-37
102            <meta-data
102-->[com.google.firebase:firebase-storage-ktx:21.0.0] AndroidManifest.xml:12:13-14:85
103                android:name="com.google.firebase.components:com.google.firebase.storage.ktx.FirebaseStorageLegacyRegistrar"
103-->[com.google.firebase:firebase-storage-ktx:21.0.0] AndroidManifest.xml:13:17-125
104                android:value="com.google.firebase.components.ComponentRegistrar" />
104-->[com.google.firebase:firebase-storage-ktx:21.0.0] AndroidManifest.xml:14:17-82
105            <meta-data
105-->[com.google.firebase:firebase-auth:23.0.0] AndroidManifest.xml:69:13-71:85
106                android:name="com.google.firebase.components:com.google.firebase.auth.FirebaseAuthRegistrar"
106-->[com.google.firebase:firebase-auth:23.0.0] AndroidManifest.xml:70:17-109
107                android:value="com.google.firebase.components.ComponentRegistrar" />
107-->[com.google.firebase:firebase-auth:23.0.0] AndroidManifest.xml:71:17-82
108            <meta-data
108-->[com.google.firebase:firebase-firestore:25.0.0] AndroidManifest.xml:17:13-19:85
109                android:name="com.google.firebase.components:com.google.firebase.firestore.FirebaseFirestoreKtxRegistrar"
109-->[com.google.firebase:firebase-firestore:25.0.0] AndroidManifest.xml:18:17-122
110                android:value="com.google.firebase.components.ComponentRegistrar" />
110-->[com.google.firebase:firebase-firestore:25.0.0] AndroidManifest.xml:19:17-82
111            <meta-data
111-->[com.google.firebase:firebase-firestore:25.0.0] AndroidManifest.xml:20:13-22:85
112                android:name="com.google.firebase.components:com.google.firebase.firestore.FirestoreRegistrar"
112-->[com.google.firebase:firebase-firestore:25.0.0] AndroidManifest.xml:21:17-111
113                android:value="com.google.firebase.components.ComponentRegistrar" />
113-->[com.google.firebase:firebase-firestore:25.0.0] AndroidManifest.xml:22:17-82
114            <meta-data
114-->[com.google.firebase:firebase-database:21.0.0] AndroidManifest.xml:29:13-31:85
115                android:name="com.google.firebase.components:com.google.firebase.database.FirebaseDatabaseKtxRegistrar"
115-->[com.google.firebase:firebase-database:21.0.0] AndroidManifest.xml:30:17-120
116                android:value="com.google.firebase.components.ComponentRegistrar" />
116-->[com.google.firebase:firebase-database:21.0.0] AndroidManifest.xml:31:17-82
117            <meta-data
117-->[com.google.firebase:firebase-database:21.0.0] AndroidManifest.xml:32:13-34:85
118                android:name="com.google.firebase.components:com.google.firebase.database.DatabaseRegistrar"
118-->[com.google.firebase:firebase-database:21.0.0] AndroidManifest.xml:33:17-109
119                android:value="com.google.firebase.components.ComponentRegistrar" />
119-->[com.google.firebase:firebase-database:21.0.0] AndroidManifest.xml:34:17-82
120            <meta-data
120-->[com.google.firebase:firebase-storage:21.0.0] AndroidManifest.xml:30:13-32:85
121                android:name="com.google.firebase.components:com.google.firebase.storage.FirebaseStorageKtxRegistrar"
121-->[com.google.firebase:firebase-storage:21.0.0] AndroidManifest.xml:31:17-118
122                android:value="com.google.firebase.components.ComponentRegistrar" />
122-->[com.google.firebase:firebase-storage:21.0.0] AndroidManifest.xml:32:17-82
123            <meta-data
123-->[com.google.firebase:firebase-storage:21.0.0] AndroidManifest.xml:33:13-35:85
124                android:name="com.google.firebase.components:com.google.firebase.storage.StorageRegistrar"
124-->[com.google.firebase:firebase-storage:21.0.0] AndroidManifest.xml:34:17-107
125                android:value="com.google.firebase.components.ComponentRegistrar" />
125-->[com.google.firebase:firebase-storage:21.0.0] AndroidManifest.xml:35:17-82
126            <meta-data
126-->[com.google.android.gms:play-services-measurement-api:22.0.2] AndroidManifest.xml:37:13-39:85
127                android:name="com.google.firebase.components:com.google.firebase.analytics.connector.internal.AnalyticsConnectorRegistrar"
127-->[com.google.android.gms:play-services-measurement-api:22.0.2] AndroidManifest.xml:38:17-139
128                android:value="com.google.firebase.components.ComponentRegistrar" />
128-->[com.google.android.gms:play-services-measurement-api:22.0.2] AndroidManifest.xml:39:17-82
129            <meta-data
129-->[com.google.firebase:firebase-appcheck:18.0.0] AndroidManifest.xml:25:13-27:85
130                android:name="com.google.firebase.components:com.google.firebase.appcheck.FirebaseAppCheckKtxRegistrar"
130-->[com.google.firebase:firebase-appcheck:18.0.0] AndroidManifest.xml:26:17-120
131                android:value="com.google.firebase.components.ComponentRegistrar" />
131-->[com.google.firebase:firebase-appcheck:18.0.0] AndroidManifest.xml:27:17-82
132            <meta-data
132-->[com.google.firebase:firebase-appcheck:18.0.0] AndroidManifest.xml:28:13-30:85
133                android:name="com.google.firebase.components:com.google.firebase.appcheck.FirebaseAppCheckRegistrar"
133-->[com.google.firebase:firebase-appcheck:18.0.0] AndroidManifest.xml:29:17-117
134                android:value="com.google.firebase.components.ComponentRegistrar" />
134-->[com.google.firebase:firebase-appcheck:18.0.0] AndroidManifest.xml:30:17-82
135            <meta-data
135-->[com.google.firebase:firebase-installations:18.0.0] AndroidManifest.xml:15:13-17:85
136                android:name="com.google.firebase.components:com.google.firebase.installations.FirebaseInstallationsKtxRegistrar"
136-->[com.google.firebase:firebase-installations:18.0.0] AndroidManifest.xml:16:17-130
137                android:value="com.google.firebase.components.ComponentRegistrar" />
137-->[com.google.firebase:firebase-installations:18.0.0] AndroidManifest.xml:17:17-82
138            <meta-data
138-->[com.google.firebase:firebase-installations:18.0.0] AndroidManifest.xml:18:13-20:85
139                android:name="com.google.firebase.components:com.google.firebase.installations.FirebaseInstallationsRegistrar"
139-->[com.google.firebase:firebase-installations:18.0.0] AndroidManifest.xml:19:17-127
140                android:value="com.google.firebase.components.ComponentRegistrar" />
140-->[com.google.firebase:firebase-installations:18.0.0] AndroidManifest.xml:20:17-82
141            <meta-data
141-->[com.google.firebase:firebase-common-ktx:21.0.0] AndroidManifest.xml:12:13-14:85
142                android:name="com.google.firebase.components:com.google.firebase.ktx.FirebaseCommonLegacyRegistrar"
142-->[com.google.firebase:firebase-common-ktx:21.0.0] AndroidManifest.xml:13:17-116
143                android:value="com.google.firebase.components.ComponentRegistrar" />
143-->[com.google.firebase:firebase-common-ktx:21.0.0] AndroidManifest.xml:14:17-82
144            <meta-data
144-->[com.google.firebase:firebase-common:21.0.0] AndroidManifest.xml:35:13-37:85
145                android:name="com.google.firebase.components:com.google.firebase.FirebaseCommonKtxRegistrar"
145-->[com.google.firebase:firebase-common:21.0.0] AndroidManifest.xml:36:17-109
146                android:value="com.google.firebase.components.ComponentRegistrar" />
146-->[com.google.firebase:firebase-common:21.0.0] AndroidManifest.xml:37:17-82
147        </service>
148
149        <activity
149-->[com.google.firebase:firebase-auth:23.0.0] AndroidManifest.xml:29:9-46:20
150            android:name="com.google.firebase.auth.internal.GenericIdpActivity"
150-->[com.google.firebase:firebase-auth:23.0.0] AndroidManifest.xml:30:13-80
151            android:excludeFromRecents="true"
151-->[com.google.firebase:firebase-auth:23.0.0] AndroidManifest.xml:31:13-46
152            android:exported="true"
152-->[com.google.firebase:firebase-auth:23.0.0] AndroidManifest.xml:32:13-36
153            android:launchMode="singleTask"
153-->[com.google.firebase:firebase-auth:23.0.0] AndroidManifest.xml:33:13-44
154            android:theme="@android:style/Theme.Translucent.NoTitleBar" >
154-->[com.google.firebase:firebase-auth:23.0.0] AndroidManifest.xml:34:13-72
155            <intent-filter>
155-->[com.google.firebase:firebase-auth:23.0.0] AndroidManifest.xml:35:13-45:29
156                <action android:name="android.intent.action.VIEW" />
156-->[com.google.firebase:firebase-auth:23.0.0] AndroidManifest.xml:36:17-69
156-->[com.google.firebase:firebase-auth:23.0.0] AndroidManifest.xml:36:25-66
157
158                <category android:name="android.intent.category.DEFAULT" />
158-->[com.google.firebase:firebase-auth:23.0.0] AndroidManifest.xml:38:17-76
158-->[com.google.firebase:firebase-auth:23.0.0] AndroidManifest.xml:38:27-73
159                <category android:name="android.intent.category.BROWSABLE" />
159-->[com.google.firebase:firebase-auth:23.0.0] AndroidManifest.xml:39:17-78
159-->[com.google.firebase:firebase-auth:23.0.0] AndroidManifest.xml:39:27-75
160
161                <data
161-->[com.google.firebase:firebase-auth:23.0.0] AndroidManifest.xml:41:17-44:51
162                    android:host="firebase.auth"
162-->[com.google.firebase:firebase-auth:23.0.0] AndroidManifest.xml:42:21-49
163                    android:path="/"
163-->[com.google.firebase:firebase-auth:23.0.0] AndroidManifest.xml:43:21-37
164                    android:scheme="genericidp" />
164-->[com.google.firebase:firebase-auth:23.0.0] AndroidManifest.xml:44:21-48
165            </intent-filter>
166        </activity>
167        <activity
167-->[com.google.firebase:firebase-auth:23.0.0] AndroidManifest.xml:47:9-64:20
168            android:name="com.google.firebase.auth.internal.RecaptchaActivity"
168-->[com.google.firebase:firebase-auth:23.0.0] AndroidManifest.xml:48:13-79
169            android:excludeFromRecents="true"
169-->[com.google.firebase:firebase-auth:23.0.0] AndroidManifest.xml:49:13-46
170            android:exported="true"
170-->[com.google.firebase:firebase-auth:23.0.0] AndroidManifest.xml:50:13-36
171            android:launchMode="singleTask"
171-->[com.google.firebase:firebase-auth:23.0.0] AndroidManifest.xml:51:13-44
172            android:theme="@android:style/Theme.Translucent.NoTitleBar" >
172-->[com.google.firebase:firebase-auth:23.0.0] AndroidManifest.xml:52:13-72
173            <intent-filter>
173-->[com.google.firebase:firebase-auth:23.0.0] AndroidManifest.xml:53:13-63:29
174                <action android:name="android.intent.action.VIEW" />
174-->[com.google.firebase:firebase-auth:23.0.0] AndroidManifest.xml:36:17-69
174-->[com.google.firebase:firebase-auth:23.0.0] AndroidManifest.xml:36:25-66
175
176                <category android:name="android.intent.category.DEFAULT" />
176-->[com.google.firebase:firebase-auth:23.0.0] AndroidManifest.xml:38:17-76
176-->[com.google.firebase:firebase-auth:23.0.0] AndroidManifest.xml:38:27-73
177                <category android:name="android.intent.category.BROWSABLE" />
177-->[com.google.firebase:firebase-auth:23.0.0] AndroidManifest.xml:39:17-78
177-->[com.google.firebase:firebase-auth:23.0.0] AndroidManifest.xml:39:27-75
178
179                <data
179-->[com.google.firebase:firebase-auth:23.0.0] AndroidManifest.xml:41:17-44:51
180                    android:host="firebase.auth"
180-->[com.google.firebase:firebase-auth:23.0.0] AndroidManifest.xml:42:21-49
181                    android:path="/"
181-->[com.google.firebase:firebase-auth:23.0.0] AndroidManifest.xml:43:21-37
182                    android:scheme="recaptcha" />
182-->[com.google.firebase:firebase-auth:23.0.0] AndroidManifest.xml:44:21-48
183            </intent-filter>
184        </activity>
185
186        <property
186-->[com.google.android.gms:play-services-measurement-api:22.0.2] AndroidManifest.xml:30:9-32:61
187            android:name="android.adservices.AD_SERVICES_CONFIG"
187-->[com.google.android.gms:play-services-measurement-api:22.0.2] AndroidManifest.xml:31:13-65
188            android:resource="@xml/ga_ad_services_config" />
188-->[com.google.android.gms:play-services-measurement-api:22.0.2] AndroidManifest.xml:32:13-58
189
190        <service
190-->[androidx.credentials:credentials-play-services-auth:1.2.0-rc01] AndroidManifest.xml:24:9-32:19
191            android:name="androidx.credentials.playservices.CredentialProviderMetadataHolder"
191-->[androidx.credentials:credentials-play-services-auth:1.2.0-rc01] AndroidManifest.xml:25:13-94
192            android:enabled="true"
192-->[androidx.credentials:credentials-play-services-auth:1.2.0-rc01] AndroidManifest.xml:26:13-35
193            android:exported="false" >
193-->[androidx.credentials:credentials-play-services-auth:1.2.0-rc01] AndroidManifest.xml:27:13-37
194            <meta-data
194-->[androidx.credentials:credentials-play-services-auth:1.2.0-rc01] AndroidManifest.xml:29:13-31:104
195                android:name="androidx.credentials.CREDENTIAL_PROVIDER_KEY"
195-->[androidx.credentials:credentials-play-services-auth:1.2.0-rc01] AndroidManifest.xml:30:17-76
196                android:value="androidx.credentials.playservices.CredentialProviderPlayServicesImpl" />
196-->[androidx.credentials:credentials-play-services-auth:1.2.0-rc01] AndroidManifest.xml:31:17-101
197        </service>
198
199        <activity
199-->[androidx.credentials:credentials-play-services-auth:1.2.0-rc01] AndroidManifest.xml:34:9-41:20
200            android:name="androidx.credentials.playservices.HiddenActivity"
200-->[androidx.credentials:credentials-play-services-auth:1.2.0-rc01] AndroidManifest.xml:35:13-76
201            android:configChanges="orientation|screenSize|screenLayout|keyboardHidden"
201-->[androidx.credentials:credentials-play-services-auth:1.2.0-rc01] AndroidManifest.xml:36:13-87
202            android:enabled="true"
202-->[androidx.credentials:credentials-play-services-auth:1.2.0-rc01] AndroidManifest.xml:37:13-35
203            android:exported="false"
203-->[androidx.credentials:credentials-play-services-auth:1.2.0-rc01] AndroidManifest.xml:38:13-37
204            android:fitsSystemWindows="true"
204-->[androidx.credentials:credentials-play-services-auth:1.2.0-rc01] AndroidManifest.xml:39:13-45
205            android:theme="@style/Theme.Hidden" >
205-->[androidx.credentials:credentials-play-services-auth:1.2.0-rc01] AndroidManifest.xml:40:13-48
206        </activity>
207        <activity
207-->[com.google.android.gms:play-services-auth:21.2.0] AndroidManifest.xml:23:9-27:75
208            android:name="com.google.android.gms.auth.api.signin.internal.SignInHubActivity"
208-->[com.google.android.gms:play-services-auth:21.2.0] AndroidManifest.xml:24:13-93
209            android:excludeFromRecents="true"
209-->[com.google.android.gms:play-services-auth:21.2.0] AndroidManifest.xml:25:13-46
210            android:exported="false"
210-->[com.google.android.gms:play-services-auth:21.2.0] AndroidManifest.xml:26:13-37
211            android:theme="@android:style/Theme.Translucent.NoTitleBar" />
211-->[com.google.android.gms:play-services-auth:21.2.0] AndroidManifest.xml:27:13-72
212        <!--
213            Service handling Google Sign-In user revocation. For apps that do not integrate with
214            Google Sign-In, this service will never be started.
215        -->
216        <service
216-->[com.google.android.gms:play-services-auth:21.2.0] AndroidManifest.xml:33:9-37:51
217            android:name="com.google.android.gms.auth.api.signin.RevocationBoundService"
217-->[com.google.android.gms:play-services-auth:21.2.0] AndroidManifest.xml:34:13-89
218            android:exported="true"
218-->[com.google.android.gms:play-services-auth:21.2.0] AndroidManifest.xml:35:13-36
219            android:permission="com.google.android.gms.auth.api.signin.permission.REVOCATION_NOTIFICATION"
219-->[com.google.android.gms:play-services-auth:21.2.0] AndroidManifest.xml:36:13-107
220            android:visibleToInstantApps="true" />
220-->[com.google.android.gms:play-services-auth:21.2.0] AndroidManifest.xml:37:13-48
221
222        <activity
222-->[com.google.android.gms:play-services-base:18.3.0] AndroidManifest.xml:20:9-22:45
223            android:name="com.google.android.gms.common.api.GoogleApiActivity"
223-->[com.google.android.gms:play-services-base:18.3.0] AndroidManifest.xml:20:19-85
224            android:exported="false"
224-->[com.google.android.gms:play-services-base:18.3.0] AndroidManifest.xml:22:19-43
225            android:theme="@android:style/Theme.Translucent.NoTitleBar" />
225-->[com.google.android.gms:play-services-base:18.3.0] AndroidManifest.xml:21:19-78
226
227        <provider
227-->[com.google.firebase:firebase-common:21.0.0] AndroidManifest.xml:23:9-28:39
228            android:name="com.google.firebase.provider.FirebaseInitProvider"
228-->[com.google.firebase:firebase-common:21.0.0] AndroidManifest.xml:24:13-77
229            android:authorities="com.android.doctorapp.firebaseinitprovider"
229-->[com.google.firebase:firebase-common:21.0.0] AndroidManifest.xml:25:13-72
230            android:directBootAware="true"
230-->[com.google.firebase:firebase-common:21.0.0] AndroidManifest.xml:26:13-43
231            android:exported="false"
231-->[com.google.firebase:firebase-common:21.0.0] AndroidManifest.xml:27:13-37
232            android:initOrder="100" />
232-->[com.google.firebase:firebase-common:21.0.0] AndroidManifest.xml:28:13-36
233
234        <receiver
234-->[com.google.android.gms:play-services-measurement:22.0.2] AndroidManifest.xml:29:9-33:20
235            android:name="com.google.android.gms.measurement.AppMeasurementReceiver"
235-->[com.google.android.gms:play-services-measurement:22.0.2] AndroidManifest.xml:30:13-85
236            android:enabled="true"
236-->[com.google.android.gms:play-services-measurement:22.0.2] AndroidManifest.xml:31:13-35
237            android:exported="false" >
237-->[com.google.android.gms:play-services-measurement:22.0.2] AndroidManifest.xml:32:13-37
238        </receiver>
239
240        <service
240-->[com.google.android.gms:play-services-measurement:22.0.2] AndroidManifest.xml:35:9-38:40
241            android:name="com.google.android.gms.measurement.AppMeasurementService"
241-->[com.google.android.gms:play-services-measurement:22.0.2] AndroidManifest.xml:36:13-84
242            android:enabled="true"
242-->[com.google.android.gms:play-services-measurement:22.0.2] AndroidManifest.xml:37:13-35
243            android:exported="false" />
243-->[com.google.android.gms:play-services-measurement:22.0.2] AndroidManifest.xml:38:13-37
244        <service
244-->[com.google.android.gms:play-services-measurement:22.0.2] AndroidManifest.xml:39:9-43:72
245            android:name="com.google.android.gms.measurement.AppMeasurementJobService"
245-->[com.google.android.gms:play-services-measurement:22.0.2] AndroidManifest.xml:40:13-87
246            android:enabled="true"
246-->[com.google.android.gms:play-services-measurement:22.0.2] AndroidManifest.xml:41:13-35
247            android:exported="false"
247-->[com.google.android.gms:play-services-measurement:22.0.2] AndroidManifest.xml:42:13-37
248            android:permission="android.permission.BIND_JOB_SERVICE" />
248-->[com.google.android.gms:play-services-measurement:22.0.2] AndroidManifest.xml:43:13-69
249
250        <uses-library
250-->[androidx.privacysandbox.ads:ads-adservices:1.0.0-beta05] AndroidManifest.xml:23:9-25:40
251            android:name="android.ext.adservices"
251-->[androidx.privacysandbox.ads:ads-adservices:1.0.0-beta05] AndroidManifest.xml:24:13-50
252            android:required="false" />
252-->[androidx.privacysandbox.ads:ads-adservices:1.0.0-beta05] AndroidManifest.xml:25:13-37
253
254        <meta-data
254-->[com.google.android.gms:play-services-basement:18.4.0] AndroidManifest.xml:6:9-122
255            android:name="com.google.android.gms.version"
255-->[com.google.android.gms:play-services-basement:18.4.0] AndroidManifest.xml:6:20-65
256            android:value="@integer/google_play_services_version" />
256-->[com.google.android.gms:play-services-basement:18.4.0] AndroidManifest.xml:6:66-119
257
258        <provider
258-->[androidx.emoji2:emoji2:1.2.0] AndroidManifest.xml:24:9-32:20
259            android:name="androidx.startup.InitializationProvider"
259-->[androidx.emoji2:emoji2:1.2.0] AndroidManifest.xml:25:13-67